ERROR 2025-01-27 11:12:40,025 log Internal Server Error: /remove_service_yearly/
ERROR 2025-01-27 11:12:40,028 basehttp "POST /remove_service_yearly/ HTTP/1.1" 500 51
ERROR 2025-01-27 11:12:40,028 basehttp "POST /remove_service_yearly/ HTTP/1.1" 500 51
ERROR 2025-01-27 11:15:48,310 email_llama3 Translation API error: HTTPSConnectionPool(host='dhruva-api.bhashini.gov.in', port=443): Read timed out. (read timeout=10)
ERROR 2025-01-27 11:15:48,432 email_llama3 Translation API error: HTTPSConnectionPool(host='dhruva-api.bhashini.gov.in', port=443): Read timed out. (read timeout=10)
ERROR 2025-01-27 11:15:48,481 email_llama3 Translation API error: HTTPSConnectionPool(host='dhruva-api.bhashini.gov.in', port=443): Read timed out. (read timeout=10)
ERROR 2025-01-27 11:15:51,311 email_llama3 Translation API error: HTTPSConnectionPool(host='dhruva-api.bhashini.gov.in', port=443): Read timed out. (read timeout=10)
ERROR 2025-01-27 12:14:13,032 log Internal Server Error: /remove_service_yearly/
ERROR 2025-01-27 12:14:13,033 basehttp "POST /remove_service_yearly/ HTTP/1.1" 500 51
ERROR 2025-01-27 12:14:13,033 basehttp "POST /remove_service_yearly/ HTTP/1.1" 500 51
ERROR 2025-01-27 18:36:39,837 email_llama3 Translation API error: HTTPSConnectionPool(host='dhruva-api.bhashini.gov.in', port=443): Read timed out. (read timeout=10)
ERROR 2025-01-27 18:36:40,279 email_llama3 Translation API error: HTTPSConnectionPool(host='dhruva-api.bhashini.gov.in', port=443): Read timed out. (read timeout=10)
ERROR 2025-01-27 18:36:40,655 email_llama3 Translation API error: HTTPSConnectionPool(host='dhruva-api.bhashini.gov.in', port=443): Read timed out. (read timeout=10)
ERROR 2025-01-27 18:36:40,773 email_llama3 Translation API error: HTTPSConnectionPool(host='dhruva-api.bhashini.gov.in', port=443): Read timed out. (read timeout=10)
ERROR 2025-01-27 18:36:41,493 email_llama3 Translation API error: HTTPSConnectionPool(host='dhruva-api.bhashini.gov.in', port=443): Read timed out. (read timeout=10)
ERROR 2025-01-27 18:36:41,493 email_llama3 Translation API error: HTTPSConnectionPool(host='dhruva-api.bhashini.gov.in', port=443): Read timed out. (read timeout=10)
ERROR 2025-01-27 18:36:50,298 email_llama3 Translation API error: HTTPSConnectionPool(host='dhruva-api.bhashini.gov.in', port=443): Read timed out. (read timeout=10)
ERROR 2025-01-27 18:36:50,673 email_llama3 Translation API error: HTTPSConnectionPool(host='dhruva-api.bhashini.gov.in', port=443): Read timed out. (read timeout=10)
ERROR 2025-01-27 18:36:51,092 email_llama3 Translation API error: HTTPSConnectionPool(host='dhruva-api.bhashini.gov.in', port=443): Read timed out. (read timeout=10)
ERROR 2025-01-27 18:36:51,861 email_llama3 Translation API error: HTTPSConnectionPool(host='dhruva-api.bhashini.gov.in', port=443): Read timed out. (read timeout=10)
ERROR 2025-01-27 18:40:53,617 email_llama3 Translation API error: HTTPSConnectionPool(host='dhruva-api.bhashini.gov.in', port=443): Read timed out. (read timeout=10)
ERROR 2025-01-27 18:40:54,243 email_llama3 Translation API error: HTTPSConnectionPool(host='dhruva-api.bhashini.gov.in', port=443): Read timed out. (read timeout=10)
ERROR 2025-01-27 18:40:54,437 email_llama3 Translation API error: HTTPSConnectionPool(host='dhruva-api.bhashini.gov.in', port=443): Read timed out. (read timeout=10)
ERROR 2025-01-27 18:40:54,547 email_llama3 Translation API error: HTTPSConnectionPool(host='dhruva-api.bhashini.gov.in', port=443): Read timed out. (read timeout=10)
ERROR 2025-01-27 18:40:55,358 email_llama3 Translation API error: HTTPSConnectionPool(host='dhruva-api.bhashini.gov.in', port=443): Read timed out. (read timeout=10)
ERROR 2025-01-27 18:43:30,248 email_llama3 Translation API error: HTTPSConnectionPool(host='dhruva-api.bhashini.gov.in', port=443): Read timed out. (read timeout=10)
ERROR 2025-01-27 18:43:30,254 email_llama3 Translation API error: HTTPSConnectionPool(host='dhruva-api.bhashini.gov.in', port=443): Read timed out. (read timeout=10)
ERROR 2025-01-27 18:43:30,293 email_llama3 Translation API error: HTTPSConnectionPool(host='dhruva-api.bhashini.gov.in', port=443): Read timed out. (read timeout=10)
ERROR 2025-01-27 18:43:32,504 email_llama3 Translation API error: HTTPSConnectionPool(host='dhruva-api.bhashini.gov.in', port=443): Read timed out. (read timeout=10)
ERROR 2025-01-27 18:43:40,695 email_llama3 Translation API error: HTTPSConnectionPool(host='dhruva-api.bhashini.gov.in', port=443): Read timed out. (read timeout=10)
ERROR 2025-01-27 18:43:43,371 email_llama3 Translation API error: HTTPSConnectionPool(host='dhruva-api.bhashini.gov.in', port=443): Read timed out. (read timeout=10)
ERROR 2025-01-27 18:58:37,090 email_llama3 Translation API error: HTTPSConnectionPool(host='dhruva-api.bhashini.gov.in', port=443): Read timed out. (read timeout=10)
ERROR 2025-01-27 18:58:37,095 email_llama3 Translation API error: HTTPSConnectionPool(host='dhruva-api.bhashini.gov.in', port=443): Read timed out. (read timeout=10)
ERROR 2025-01-27 18:58:37,233 email_llama3 Translation API error: HTTPSConnectionPool(host='dhruva-api.bhashini.gov.in', port=443): Read timed out. (read timeout=10)
ERROR 2025-01-27 18:58:38,322 email_llama3 Translation API error: HTTPSConnectionPool(host='dhruva-api.bhashini.gov.in', port=443): Read timed out. (read timeout=10)
ERROR 2025-01-27 18:58:43,876 email_llama3 Translation API error: HTTPSConnectionPool(host='dhruva-api.bhashini.gov.in', port=443): Read timed out. (read timeout=10)
ERROR 2025-01-27 18:58:47,624 email_llama3 Translation API error: HTTPSConnectionPool(host='dhruva-api.bhashini.gov.in', port=443): Read timed out. (read timeout=10)
ERROR 2025-01-27 18:58:48,550 email_llama3 Translation API error: HTTPSConnectionPool(host='dhruva-api.bhashini.gov.in', port=443): Read timed out. (read timeout=10)
ERROR 2025-01-27 18:58:49,233 email_llama3 Translation API error: HTTPSConnectionPool(host='dhruva-api.bhashini.gov.in', port=443): Read timed out. (read timeout=10)
ERROR 2025-01-27 18:58:49,246 email_llama3 Translation API error: HTTPSConnectionPool(host='dhruva-api.bhashini.gov.in', port=443): Read timed out. (read timeout=10)
ERROR 2025-01-27 18:58:56,291 email_llama3 Translation API error: HTTPSConnectionPool(host='dhruva-api.bhashini.gov.in', port=443): Read timed out. (read timeout=10)
ERROR 2025-01-27 19:00:10,135 email_llama3 Translation API error: HTTPSConnectionPool(host='dhruva-api.bhashini.gov.in', port=443): Read timed out. (read timeout=10)
ERROR 2025-01-27 19:00:10,846 email_llama3 Translation API error: HTTPSConnectionPool(host='dhruva-api.bhashini.gov.in', port=443): Read timed out. (read timeout=10)
ERROR 2025-01-27 19:00:11,495 email_llama3 Translation API error: HTTPSConnectionPool(host='dhruva-api.bhashini.gov.in', port=443): Read timed out. (read timeout=10)
ERROR 2025-01-27 19:00:15,897 email_llama3 Translation API error: HTTPSConnectionPool(host='dhruva-api.bhashini.gov.in', port=443): Read timed out. (read timeout=10)
ERROR 2025-01-27 19:00:20,652 email_llama3 Translation API error: HTTPSConnectionPool(host='dhruva-api.bhashini.gov.in', port=443): Read timed out. (read timeout=10)
ERROR 2025-01-27 19:00:26,257 email_llama3 Translation API error: HTTPSConnectionPool(host='dhruva-api.bhashini.gov.in', port=443): Read timed out. (read timeout=10)
ERROR 2025-01-27 19:01:11,490 email_llama3 Translation API error: HTTPSConnectionPool(host='dhruva-api.bhashini.gov.in', port=443): Read timed out. (read timeout=10)
ERROR 2025-01-27 19:01:14,859 email_llama3 Translation API error: HTTPSConnectionPool(host='dhruva-api.bhashini.gov.in', port=443): Read timed out. (read timeout=10)
ERROR 2025-01-27 19:01:26,406 email_llama3 Translation API error: HTTPSConnectionPool(host='dhruva-api.bhashini.gov.in', port=443): Read timed out. (read timeout=10)
ERROR 2025-01-27 19:03:11,471 email_llama3 Translation API error: HTTPSConnectionPool(host='dhruva-api.bhashini.gov.in', port=443): Read timed out. (read timeout=10)
ERROR 2025-01-27 19:03:11,472 email_llama3 Translation API error: HTTPSConnectionPool(host='dhruva-api.bhashini.gov.in', port=443): Read timed out. (read timeout=10)
ERROR 2025-01-27 19:04:41,860 email_llama3 Translation API error: HTTPSConnectionPool(host='dhruva-api.bhashini.gov.in', port=443): Read timed out. (read timeout=10)
ERROR 2025-01-27 19:04:49,602 email_llama3 Translation API error: HTTPSConnectionPool(host='dhruva-api.bhashini.gov.in', port=443): Read timed out. (read timeout=10)
ERROR 2025-01-27 19:05:00,045 email_llama3 Translation API error: HTTPSConnectionPool(host='dhruva-api.bhashini.gov.in', port=443): Read timed out. (read timeout=10)
ERROR 2025-01-27 19:09:13,491 email_llama3 Translation API error: HTTPSConnectionPool(host='dhruva-api.bhashini.gov.in', port=443): Read timed out. (read timeout=10)
ERROR 2025-01-27 19:09:14,271 email_llama3 Translation API error: HTTPSConnectionPool(host='dhruva-api.bhashini.gov.in', port=443): Read timed out. (read timeout=10)
ERROR 2025-01-27 19:13:14,445 email_llama3 Translation API error: HTTPSConnectionPool(host='dhruva-api.bhashini.gov.in', port=443): Read timed out. (read timeout=10)
ERROR 2025-01-27 19:13:14,533 email_llama3 Translation API error: HTTPSConnectionPool(host='dhruva-api.bhashini.gov.in', port=443): Read timed out. (read timeout=10)
ERROR 2025-01-28 09:58:49,713 email_llama3 Translation API error: HTTPSConnectionPool(host='dhruva-api.bhashini.gov.in', port=443): Read timed out. (read timeout=10)
ERROR 2025-01-28 09:58:49,962 email_llama3 Translation API error: HTTPSConnectionPool(host='dhruva-api.bhashini.gov.in', port=443): Read timed out. (read timeout=10)
ERROR 2025-01-28 09:59:03,515 email_llama3 Translation API error: HTTPSConnectionPool(host='dhruva-api.bhashini.gov.in', port=443): Read timed out. (read timeout=10)
ERROR 2025-01-28 10:01:26,901 email_llama3 Translation API error: HTTPSConnectionPool(host='dhruva-api.bhashini.gov.in', port=443): Read timed out. (read timeout=10)
ERROR 2025-01-28 10:01:26,909 email_llama3 Translation API error: HTTPSConnectionPool(host='dhruva-api.bhashini.gov.in', port=443): Read timed out. (read timeout=10)
ERROR 2025-01-28 10:01:26,909 email_llama3 Translation API error: HTTPSConnectionPool(host='dhruva-api.bhashini.gov.in', port=443): Read timed out. (read timeout=10)
ERROR 2025-01-28 10:01:26,910 email_llama3 Translation API error: HTTPSConnectionPool(host='dhruva-api.bhashini.gov.in', port=443): Read timed out. (read timeout=10)
ERROR 2025-01-28 10:01:27,182 email_llama3 Translation API error: HTTPSConnectionPool(host='dhruva-api.bhashini.gov.in', port=443): Read timed out. (read timeout=10)
ERROR 2025-01-28 10:01:27,210 email_llama3 Translation API error: HTTPSConnectionPool(host='dhruva-api.bhashini.gov.in', port=443): Read timed out. (read timeout=10)
ERROR 2025-01-28 10:01:27,225 email_llama3 Translation API error: HTTPSConnectionPool(host='dhruva-api.bhashini.gov.in', port=443): Read timed out. (read timeout=10)
ERROR 2025-01-28 10:01:27,791 email_llama3 Translation API error: HTTPSConnectionPool(host='dhruva-api.bhashini.gov.in', port=443): Read timed out. (read timeout=10)
ERROR 2025-01-28 10:01:28,149 email_llama3 Translation API error: HTTPSConnectionPool(host='dhruva-api.bhashini.gov.in', port=443): Read timed out. (read timeout=10)
ERROR 2025-01-28 10:01:37,385 email_llama3 Translation API error: HTTPSConnectionPool(host='dhruva-api.bhashini.gov.in', port=443): Read timed out. (read timeout=10)
ERROR 2025-01-28 10:01:38,828 email_llama3 Translation API error: HTTPSConnectionPool(host='dhruva-api.bhashini.gov.in', port=443): Read timed out. (read timeout=10)
ERROR 2025-01-28 10:01:49,174 email_llama3 Translation API error: HTTPSConnectionPool(host='dhruva-api.bhashini.gov.in', port=443): Read timed out. (read timeout=10)
ERROR 2025-01-28 10:03:01,276 email_llama3 Translation API error: HTTPSConnectionPool(host='dhruva-api.bhashini.gov.in', port=443): Read timed out. (read timeout=10)
ERROR 2025-01-28 10:03:02,019 email_llama3 Translation API error: HTTPSConnectionPool(host='dhruva-api.bhashini.gov.in', port=443): Read timed out. (read timeout=10)
ERROR 2025-01-28 10:03:02,645 email_llama3 Translation API error: HTTPSConnectionPool(host='dhruva-api.bhashini.gov.in', port=443): Read timed out. (read timeout=10)
ERROR 2025-01-28 10:03:04,691 email_llama3 Translation API error: HTTPSConnectionPool(host='dhruva-api.bhashini.gov.in', port=443): Read timed out. (read timeout=10)
ERROR 2025-01-28 10:03:05,233 email_llama3 Translation API error: HTTPSConnectionPool(host='dhruva-api.bhashini.gov.in', port=443): Read timed out. (read timeout=10)
ERROR 2025-01-28 11:59:44,279 email_llama3 Translation API error: 502 Server Error: Bad Gateway for url: https://meity-auth.ulcacontrib.org/ulca/apis/v0/model/getModelsPipeline
ERROR 2025-01-28 11:59:44,294 email_llama3 Translation API error: 502 Server Error: Bad Gateway for url: https://meity-auth.ulcacontrib.org/ulca/apis/v0/model/getModelsPipeline
ERROR 2025-01-28 11:59:44,298 email_llama3 Translation API error: 502 Server Error: Bad Gateway for url: https://meity-auth.ulcacontrib.org/ulca/apis/v0/model/getModelsPipeline
ERROR 2025-01-28 11:59:44,300 email_llama3 Translation API error: 502 Server Error: Bad Gateway for url: https://meity-auth.ulcacontrib.org/ulca/apis/v0/model/getModelsPipeline
ERROR 2025-01-28 11:59:44,308 email_llama3 Translation API error: 502 Server Error: Bad Gateway for url: https://meity-auth.ulcacontrib.org/ulca/apis/v0/model/getModelsPipeline
ERROR 2025-01-28 11:59:44,312 email_llama3 Translation API error: 502 Server Error: Bad Gateway for url: https://meity-auth.ulcacontrib.org/ulca/apis/v0/model/getModelsPipeline
ERROR 2025-01-28 11:59:44,315 email_llama3 Translation API error: 502 Server Error: Bad Gateway for url: https://meity-auth.ulcacontrib.org/ulca/apis/v0/model/getModelsPipeline
ERROR 2025-01-28 11:59:44,316 email_llama3 Translation API error: 502 Server Error: Bad Gateway for url: https://meity-auth.ulcacontrib.org/ulca/apis/v0/model/getModelsPipeline
ERROR 2025-01-28 11:59:44,320 email_llama3 Translation API error: 502 Server Error: Bad Gateway for url: https://meity-auth.ulcacontrib.org/ulca/apis/v0/model/getModelsPipeline
ERROR 2025-01-28 11:59:44,351 email_llama3 Translation API error: 502 Server Error: Bad Gateway for url: https://meity-auth.ulcacontrib.org/ulca/apis/v0/model/getModelsPipeline
ERROR 2025-01-28 11:59:44,459 email_llama3 Translation API error: 502 Server Error: Bad Gateway for url: https://meity-auth.ulcacontrib.org/ulca/apis/v0/model/getModelsPipeline
ERROR 2025-01-28 11:59:44,459 email_llama3 Translation API error: 502 Server Error: Bad Gateway for url: https://meity-auth.ulcacontrib.org/ulca/apis/v0/model/getModelsPipeline
ERROR 2025-01-28 11:59:44,495 email_llama3 Translation API error: 502 Server Error: Bad Gateway for url: https://meity-auth.ulcacontrib.org/ulca/apis/v0/model/getModelsPipeline
ERROR 2025-01-28 11:59:44,519 email_llama3 Translation API error: 502 Server Error: Bad Gateway for url: https://meity-auth.ulcacontrib.org/ulca/apis/v0/model/getModelsPipeline
ERROR 2025-01-28 11:59:45,640 email_llama3 Translation API error: 502 Server Error: Bad Gateway for url: https://meity-auth.ulcacontrib.org/ulca/apis/v0/model/getModelsPipeline
ERROR 2025-01-28 11:59:45,787 email_llama3 Translation API error: 502 Server Error: Bad Gateway for url: https://meity-auth.ulcacontrib.org/ulca/apis/v0/model/getModelsPipeline
ERROR 2025-01-28 11:59:46,102 email_llama3 Translation API error: 502 Server Error: Bad Gateway for url: https://meity-auth.ulcacontrib.org/ulca/apis/v0/model/getModelsPipeline
ERROR 2025-01-28 11:59:47,003 email_llama3 Translation API error: 502 Server Error: Bad Gateway for url: https://meity-auth.ulcacontrib.org/ulca/apis/v0/model/getModelsPipeline
ERROR 2025-01-28 11:59:55,192 email_llama3 Translation API error: HTTPSConnectionPool(host='dhruva-api.bhashini.gov.in', port=443): Read timed out. (read timeout=10)
ERROR 2025-01-28 11:59:55,384 email_llama3 Translation API error: 502 Server Error: Bad Gateway for url: https://meity-auth.ulcacontrib.org/ulca/apis/v0/model/getModelsPipeline
ERROR 2025-01-28 11:59:55,550 email_llama3 Translation API error: 502 Server Error: Bad Gateway for url: https://meity-auth.ulcacontrib.org/ulca/apis/v0/model/getModelsPipeline
ERROR 2025-01-28 11:59:55,712 email_llama3 Translation API error: 502 Server Error: Bad Gateway for url: https://meity-auth.ulcacontrib.org/ulca/apis/v0/model/getModelsPipeline
ERROR 2025-01-28 12:00:06,108 email_llama3 Translation API error: HTTPSConnectionPool(host='dhruva-api.bhashini.gov.in', port=443): Read timed out. (read timeout=10)
ERROR 2025-01-28 12:00:56,142 email_llama3 Translation API error: 502 Server Error: Bad Gateway for url: https://meity-auth.ulcacontrib.org/ulca/apis/v0/model/getModelsPipeline
ERROR 2025-01-28 12:00:56,183 email_llama3 Translation API error: 502 Server Error: Bad Gateway for url: https://meity-auth.ulcacontrib.org/ulca/apis/v0/model/getModelsPipeline
ERROR 2025-01-28 12:00:57,430 email_llama3 Translation API error: 502 Server Error: Bad Gateway for url: https://meity-auth.ulcacontrib.org/ulca/apis/v0/model/getModelsPipeline
ERROR 2025-01-28 12:00:58,445 email_llama3 Translation API error: 502 Server Error: Bad Gateway for url: https://meity-auth.ulcacontrib.org/ulca/apis/v0/model/getModelsPipeline
ERROR 2025-01-28 12:00:58,599 email_llama3 Translation API error: 502 Server Error: Bad Gateway for url: https://meity-auth.ulcacontrib.org/ulca/apis/v0/model/getModelsPipeline
ERROR 2025-01-28 12:00:58,793 email_llama3 Translation API error: 502 Server Error: Bad Gateway for url: https://meity-auth.ulcacontrib.org/ulca/apis/v0/model/getModelsPipeline
ERROR 2025-01-28 12:01:02,209 email_llama3 Translation API error: 502 Server Error: Bad Gateway for url: https://meity-auth.ulcacontrib.org/ulca/apis/v0/model/getModelsPipeline
ERROR 2025-01-28 12:01:02,359 email_llama3 Translation API error: 502 Server Error: Bad Gateway for url: https://meity-auth.ulcacontrib.org/ulca/apis/v0/model/getModelsPipeline
ERROR 2025-01-28 12:01:08,184 email_llama3 Translation API error: HTTPSConnectionPool(host='dhruva-api.bhashini.gov.in', port=443): Read timed out. (read timeout=10)
ERROR 2025-01-28 13:45:31,403 email_llama3 Translation API error: HTTPSConnectionPool(host='dhruva-api.bhashini.gov.in', port=443): Read timed out. (read timeout=10)
ERROR 2025-01-28 13:45:31,976 email_llama3 Translation API error: HTTPSConnectionPool(host='dhruva-api.bhashini.gov.in', port=443): Read timed out. (read timeout=10)
ERROR 2025-01-28 13:48:42,098 email_llama3 Translation API error: HTTPSConnectionPool(host='dhruva-api.bhashini.gov.in', port=443): Read timed out. (read timeout=10)
ERROR 2025-01-28 13:48:42,492 email_llama3 Translation API error: HTTPSConnectionPool(host='dhruva-api.bhashini.gov.in', port=443): Read timed out. (read timeout=10)
ERROR 2025-01-28 13:48:46,978 email_llama3 Translation API error: HTTPSConnectionPool(host='dhruva-api.bhashini.gov.in', port=443): Read timed out. (read timeout=10)
ERROR 2025-01-28 14:15:10,589 email_llama3 Translation API error: HTTPSConnectionPool(host='dhruva-api.bhashini.gov.in', port=443): Read timed out. (read timeout=10)
ERROR 2025-01-28 14:15:10,593 email_llama3 Translation API error: HTTPSConnectionPool(host='dhruva-api.bhashini.gov.in', port=443): Read timed out. (read timeout=10)
ERROR 2025-01-28 14:15:10,917 email_llama3 Translation API error: HTTPSConnectionPool(host='dhruva-api.bhashini.gov.in', port=443): Read timed out. (read timeout=10)
ERROR 2025-01-28 14:15:10,985 email_llama3 Translation API error: HTTPSConnectionPool(host='dhruva-api.bhashini.gov.in', port=443): Read timed out. (read timeout=10)
ERROR 2025-01-28 14:15:13,269 email_llama3 Translation API error: HTTPSConnectionPool(host='dhruva-api.bhashini.gov.in', port=443): Read timed out. (read timeout=10)
ERROR 2025-01-28 14:19:17,697 email_llama3 Translation API error: HTTPSConnectionPool(host='dhruva-api.bhashini.gov.in', port=443): Read timed out. (read timeout=10)
ERROR 2025-01-28 14:19:18,839 email_llama3 Translation API error: HTTPSConnectionPool(host='dhruva-api.bhashini.gov.in', port=443): Read timed out. (read timeout=10)
ERROR 2025-01-28 14:19:29,034 email_llama3 Translation API error: HTTPSConnectionPool(host='dhruva-api.bhashini.gov.in', port=443): Read timed out. (read timeout=10)
ERROR 2025-01-28 14:19:29,258 email_llama3 Translation API error: HTTPSConnectionPool(host='dhruva-api.bhashini.gov.in', port=443): Read timed out. (read timeout=10)
ERROR 2025-01-28 14:47:34,981 email_llama3 Translation API error: HTTPSConnectionPool(host='dhruva-api.bhashini.gov.in', port=443): Read timed out. (read timeout=10)
ERROR 2025-01-28 14:47:47,616 email_llama3 Translation API error: HTTPSConnectionPool(host='dhruva-api.bhashini.gov.in', port=443): Read timed out. (read timeout=10)
ERROR 2025-01-28 15:09:35,079 email_llama3 Translation API error: HTTPSConnectionPool(host='dhruva-api.bhashini.gov.in', port=443): Read timed out. (read timeout=10)
ERROR 2025-01-28 15:09:39,196 email_llama3 Translation API error: HTTPSConnectionPool(host='dhruva-api.bhashini.gov.in', port=443): Read timed out. (read timeout=10)
ERROR 2025-01-28 15:09:48,478 email_llama3 Translation API error: HTTPSConnectionPool(host='dhruva-api.bhashini.gov.in', port=443): Read timed out. (read timeout=10)
ERROR 2025-01-28 15:09:50,292 email_llama3 Translation API error: HTTPSConnectionPool(host='dhruva-api.bhashini.gov.in', port=443): Read timed out. (read timeout=10)
ERROR 2025-01-28 15:15:07,745 email_llama3 Translation API error: HTTPSConnectionPool(host='dhruva-api.bhashini.gov.in', port=443): Read timed out. (read timeout=10)
ERROR 2025-01-28 15:15:07,865 email_llama3 Translation API error: HTTPSConnectionPool(host='dhruva-api.bhashini.gov.in', port=443): Read timed out. (read timeout=10)
ERROR 2025-01-28 15:15:13,162 email_llama3 Translation API error: HTTPSConnectionPool(host='dhruva-api.bhashini.gov.in', port=443): Read timed out. (read timeout=10)
ERROR 2025-01-28 15:15:14,788 email_llama3 Translation API error: HTTPSConnectionPool(host='dhruva-api.bhashini.gov.in', port=443): Read timed out. (read timeout=10)
ERROR 2025-01-28 15:15:18,598 email_llama3 Translation API error: HTTPSConnectionPool(host='dhruva-api.bhashini.gov.in', port=443): Read timed out. (read timeout=10)
ERROR 2025-01-28 15:15:57,786 email_llama3 Translation API error: HTTPSConnectionPool(host='dhruva-api.bhashini.gov.in', port=443): Read timed out. (read timeout=10)
ERROR 2025-01-28 15:16:06,345 email_llama3 Translation API error: HTTPSConnectionPool(host='dhruva-api.bhashini.gov.in', port=443): Read timed out. (read timeout=10)
ERROR 2025-01-28 15:17:03,751 email_llama3 Translation API error: HTTPSConnectionPool(host='dhruva-api.bhashini.gov.in', port=443): Read timed out. (read timeout=10)
ERROR 2025-01-28 15:17:08,401 email_llama3 Translation API error: HTTPSConnectionPool(host='dhruva-api.bhashini.gov.in', port=443): Read timed out. (read timeout=10)
ERROR 2025-01-28 15:17:15,246 email_llama3 Translation API error: HTTPSConnectionPool(host='dhruva-api.bhashini.gov.in', port=443): Read timed out. (read timeout=10)
ERROR 2025-01-28 15:17:22,662 email_llama3 Translation API error: HTTPSConnectionPool(host='dhruva-api.bhashini.gov.in', port=443): Read timed out. (read timeout=10)
ERROR 2025-01-28 15:17:23,488 email_llama3 Translation API error: HTTPSConnectionPool(host='dhruva-api.bhashini.gov.in', port=443): Read timed out. (read timeout=10)
ERROR 2025-01-28 15:17:32,577 email_llama3 Translation API error: HTTPSConnectionPool(host='dhruva-api.bhashini.gov.in', port=443): Read timed out. (read timeout=10)
ERROR 2025-01-28 15:17:33,043 email_llama3 Translation API error: HTTPSConnectionPool(host='dhruva-api.bhashini.gov.in', port=443): Read timed out. (read timeout=10)
ERROR 2025-01-28 15:17:40,627 email_llama3 Translation API error: 400 Client Error:  for url: https://meity-auth.ulcacontrib.org/ulca/apis/v0/model/getModelsPipeline
ERROR 2025-01-28 15:17:40,721 email_llama3 Translation API error: 400 Client Error:  for url: https://meity-auth.ulcacontrib.org/ulca/apis/v0/model/getModelsPipeline
ERROR 2025-01-28 15:17:40,947 email_llama3 Translation API error: 400 Client Error:  for url: https://meity-auth.ulcacontrib.org/ulca/apis/v0/model/getModelsPipeline
ERROR 2025-01-28 15:17:41,361 email_llama3 Translation API error: 400 Client Error:  for url: https://meity-auth.ulcacontrib.org/ulca/apis/v0/model/getModelsPipeline
ERROR 2025-01-28 15:17:54,212 email_llama3 Translation API error: HTTPSConnectionPool(host='dhruva-api.bhashini.gov.in', port=443): Read timed out. (read timeout=10)
ERROR 2025-01-28 15:17:56,150 email_llama3 Translation API error: HTTPSConnectionPool(host='dhruva-api.bhashini.gov.in', port=443): Read timed out. (read timeout=10)
ERROR 2025-01-28 15:18:11,540 email_llama3 Translation API error: HTTPSConnectionPool(host='dhruva-api.bhashini.gov.in', port=443): Read timed out. (read timeout=10)
ERROR 2025-01-28 15:18:13,795 email_llama3 Translation API error: HTTPSConnectionPool(host='dhruva-api.bhashini.gov.in', port=443): Read timed out. (read timeout=10)
ERROR 2025-01-28 15:18:14,788 email_llama3 Translation API error: HTTPSConnectionPool(host='dhruva-api.bhashini.gov.in', port=443): Read timed out. (read timeout=10)
ERROR 2025-01-28 15:18:29,879 email_llama3 Translation API error: HTTPSConnectionPool(host='dhruva-api.bhashini.gov.in', port=443): Read timed out. (read timeout=10)
ERROR 2025-01-28 15:18:49,080 email_llama3 Translation API error: HTTPSConnectionPool(host='dhruva-api.bhashini.gov.in', port=443): Read timed out. (read timeout=10)
ERROR 2025-01-28 15:18:49,103 email_llama3 Translation API error: HTTPSConnectionPool(host='dhruva-api.bhashini.gov.in', port=443): Read timed out. (read timeout=10)
ERROR 2025-01-28 15:18:50,039 email_llama3 Translation API error: HTTPSConnectionPool(host='dhruva-api.bhashini.gov.in', port=443): Read timed out. (read timeout=10)
ERROR 2025-01-28 15:18:50,174 email_llama3 Translation API error: HTTPSConnectionPool(host='dhruva-api.bhashini.gov.in', port=443): Read timed out. (read timeout=10)
ERROR 2025-01-28 15:18:50,944 email_llama3 Translation API error: HTTPSConnectionPool(host='dhruva-api.bhashini.gov.in', port=443): Read timed out. (read timeout=10)
ERROR 2025-01-28 15:18:52,771 email_llama3 Translation API error: HTTPSConnectionPool(host='dhruva-api.bhashini.gov.in', port=443): Read timed out. (read timeout=10)
ERROR 2025-01-28 15:19:06,800 email_llama3 Translation API error: HTTPSConnectionPool(host='dhruva-api.bhashini.gov.in', port=443): Read timed out. (read timeout=10)
ERROR 2025-01-28 15:19:10,743 email_llama3 Translation API error: HTTPSConnectionPool(host='dhruva-api.bhashini.gov.in', port=443): Read timed out. (read timeout=10)
ERROR 2025-01-28 15:19:15,237 email_llama3 Translation API error: HTTPSConnectionPool(host='dhruva-api.bhashini.gov.in', port=443): Read timed out. (read timeout=10)
ERROR 2025-01-28 15:19:15,486 email_llama3 Translation API error: HTTPSConnectionPool(host='dhruva-api.bhashini.gov.in', port=443): Read timed out. (read timeout=10)
ERROR 2025-01-28 15:19:23,396 email_llama3 Translation API error: HTTPSConnectionPool(host='dhruva-api.bhashini.gov.in', port=443): Read timed out. (read timeout=10)
ERROR 2025-01-28 15:19:25,070 email_llama3 Translation API error: 502 Server Error: Bad Gateway for url: https://meity-auth.ulcacontrib.org/ulca/apis/v0/model/getModelsPipeline
ERROR 2025-01-28 15:19:25,333 email_llama3 Translation API error: HTTPSConnectionPool(host='dhruva-api.bhashini.gov.in', port=443): Read timed out. (read timeout=10)
ERROR 2025-01-28 15:19:26,776 email_llama3 Translation API error: HTTPSConnectionPool(host='dhruva-api.bhashini.gov.in', port=443): Read timed out. (read timeout=10)
ERROR 2025-01-28 15:19:27,099 email_llama3 Translation API error: HTTPSConnectionPool(host='dhruva-api.bhashini.gov.in', port=443): Read timed out. (read timeout=10)
ERROR 2025-01-28 15:19:28,987 email_llama3 Translation API error: HTTPSConnectionPool(host='dhruva-api.bhashini.gov.in', port=443): Read timed out. (read timeout=10)
ERROR 2025-01-28 15:19:38,520 email_llama3 Translation API error: HTTPSConnectionPool(host='dhruva-api.bhashini.gov.in', port=443): Read timed out. (read timeout=10)
ERROR 2025-01-28 15:19:39,774 email_llama3 Translation API error: HTTPSConnectionPool(host='dhruva-api.bhashini.gov.in', port=443): Read timed out. (read timeout=10)
ERROR 2025-01-28 15:19:51,374 email_llama3 Translation API error: HTTPSConnectionPool(host='dhruva-api.bhashini.gov.in', port=443): Read timed out. (read timeout=10)
ERROR 2025-01-28 15:19:55,282 email_llama3 Translation API error: HTTPSConnectionPool(host='dhruva-api.bhashini.gov.in', port=443): Read timed out. (read timeout=10)
ERROR 2025-01-28 15:19:57,455 email_llama3 Translation API error: HTTPSConnectionPool(host='dhruva-api.bhashini.gov.in', port=443): Read timed out. (read timeout=10)
ERROR 2025-01-28 15:19:58,580 email_llama3 Translation API error: HTTPSConnectionPool(host='dhruva-api.bhashini.gov.in', port=443): Read timed out. (read timeout=10)
ERROR 2025-01-28 15:20:02,958 email_llama3 Translation API error: HTTPSConnectionPool(host='dhruva-api.bhashini.gov.in', port=443): Read timed out. (read timeout=10)
ERROR 2025-01-28 15:20:03,788 email_llama3 Translation API error: HTTPSConnectionPool(host='dhruva-api.bhashini.gov.in', port=443): Read timed out. (read timeout=10)
ERROR 2025-01-28 15:20:07,981 email_llama3 Translation API error: HTTPSConnectionPool(host='dhruva-api.bhashini.gov.in', port=443): Read timed out. (read timeout=10)
ERROR 2025-01-28 15:20:08,914 email_llama3 Translation API error: HTTPSConnectionPool(host='dhruva-api.bhashini.gov.in', port=443): Read timed out. (read timeout=10)
ERROR 2025-01-28 15:20:10,703 email_llama3 Translation API error: HTTPSConnectionPool(host='dhruva-api.bhashini.gov.in', port=443): Read timed out. (read timeout=10)
ERROR 2025-01-28 15:20:26,560 email_llama3 Translation API error: HTTPSConnectionPool(host='dhruva-api.bhashini.gov.in', port=443): Read timed out. (read timeout=10)
ERROR 2025-01-28 15:20:32,540 email_llama3 Translation API error: HTTPSConnectionPool(host='dhruva-api.bhashini.gov.in', port=443): Read timed out. (read timeout=10)
ERROR 2025-01-28 15:20:36,957 email_llama3 Translation API error: HTTPSConnectionPool(host='dhruva-api.bhashini.gov.in', port=443): Read timed out. (read timeout=10)
ERROR 2025-01-28 15:20:39,067 email_llama3 Translation API error: HTTPSConnectionPool(host='dhruva-api.bhashini.gov.in', port=443): Read timed out. (read timeout=10)
ERROR 2025-01-28 15:20:48,296 email_llama3 Translation API error: HTTPSConnectionPool(host='dhruva-api.bhashini.gov.in', port=443): Read timed out. (read timeout=10)
ERROR 2025-01-28 15:20:58,080 email_llama3 Translation API error: HTTPSConnectionPool(host='dhruva-api.bhashini.gov.in', port=443): Read timed out. (read timeout=10)
ERROR 2025-01-28 15:20:59,741 email_llama3 Translation API error: HTTPSConnectionPool(host='dhruva-api.bhashini.gov.in', port=443): Read timed out. (read timeout=10)
ERROR 2025-01-28 15:21:10,088 email_llama3 Translation API error: HTTPSConnectionPool(host='dhruva-api.bhashini.gov.in', port=443): Read timed out. (read timeout=10)
ERROR 2025-01-28 15:21:11,746 email_llama3 Translation API error: HTTPSConnectionPool(host='dhruva-api.bhashini.gov.in', port=443): Read timed out. (read timeout=10)
ERROR 2025-01-28 15:21:15,699 email_llama3 Translation API error: HTTPSConnectionPool(host='dhruva-api.bhashini.gov.in', port=443): Read timed out. (read timeout=10)
ERROR 2025-01-28 15:21:52,868 email_llama3 Translation API error: HTTPSConnectionPool(host='dhruva-api.bhashini.gov.in', port=443): Read timed out. (read timeout=10)
ERROR 2025-01-28 15:21:58,123 email_llama3 Translation API error: HTTPSConnectionPool(host='dhruva-api.bhashini.gov.in', port=443): Read timed out. (read timeout=10)
ERROR 2025-01-28 15:22:14,741 email_llama3 Translation API error: HTTPSConnectionPool(host='dhruva-api.bhashini.gov.in', port=443): Read timed out. (read timeout=10)
ERROR 2025-01-28 15:22:16,450 email_llama3 Translation API error: HTTPSConnectionPool(host='dhruva-api.bhashini.gov.in', port=443): Read timed out. (read timeout=10)
ERROR 2025-01-28 15:22:41,331 email_llama3 Translation API error: HTTPSConnectionPool(host='dhruva-api.bhashini.gov.in', port=443): Read timed out. (read timeout=10)
ERROR 2025-01-28 15:22:45,784 email_llama3 Translation API error: HTTPSConnectionPool(host='dhruva-api.bhashini.gov.in', port=443): Read timed out. (read timeout=10)
ERROR 2025-01-28 15:22:59,835 email_llama3 Translation API error: HTTPSConnectionPool(host='dhruva-api.bhashini.gov.in', port=443): Read timed out. (read timeout=10)
ERROR 2025-01-28 15:23:17,501 email_llama3 Translation API error: HTTPSConnectionPool(host='dhruva-api.bhashini.gov.in', port=443): Read timed out. (read timeout=10)
ERROR 2025-01-28 15:23:28,121 email_llama3 Translation API error: HTTPSConnectionPool(host='dhruva-api.bhashini.gov.in', port=443): Read timed out. (read timeout=10)
ERROR 2025-01-28 15:23:40,003 email_llama3 Translation API error: HTTPSConnectionPool(host='dhruva-api.bhashini.gov.in', port=443): Read timed out. (read timeout=10)
ERROR 2025-01-28 15:23:51,583 email_llama3 Translation API error: HTTPSConnectionPool(host='dhruva-api.bhashini.gov.in', port=443): Read timed out. (read timeout=10)
ERROR 2025-01-28 15:24:12,937 email_llama3 Translation API error: HTTPSConnectionPool(host='dhruva-api.bhashini.gov.in', port=443): Read timed out. (read timeout=10)
ERROR 2025-01-28 15:24:13,765 email_llama3 Translation API error: HTTPSConnectionPool(host='dhruva-api.bhashini.gov.in', port=443): Read timed out. (read timeout=10)
ERROR 2025-01-28 15:24:36,218 email_llama3 Translation API error: HTTPSConnectionPool(host='dhruva-api.bhashini.gov.in', port=443): Read timed out. (read timeout=10)
ERROR 2025-01-28 15:24:39,072 email_llama3 Translation API error: HTTPSConnectionPool(host='dhruva-api.bhashini.gov.in', port=443): Read timed out. (read timeout=10)
ERROR 2025-01-28 15:24:55,273 email_llama3 Translation API error: HTTPSConnectionPool(host='dhruva-api.bhashini.gov.in', port=443): Read timed out. (read timeout=10)
ERROR 2025-01-28 15:25:11,338 email_llama3 Translation API error: HTTPSConnectionPool(host='dhruva-api.bhashini.gov.in', port=443): Read timed out. (read timeout=10)
ERROR 2025-01-28 15:25:12,396 email_llama3 Translation API error: HTTPSConnectionPool(host='dhruva-api.bhashini.gov.in', port=443): Read timed out. (read timeout=10)
ERROR 2025-01-28 15:25:14,049 email_llama3 Translation API error: HTTPSConnectionPool(host='dhruva-api.bhashini.gov.in', port=443): Read timed out. (read timeout=10)
ERROR 2025-01-28 15:25:14,855 email_llama3 Translation API error: HTTPSConnectionPool(host='dhruva-api.bhashini.gov.in', port=443): Read timed out. (read timeout=10)
ERROR 2025-01-28 15:25:22,699 email_llama3 Translation API error: HTTPSConnectionPool(host='dhruva-api.bhashini.gov.in', port=443): Read timed out. (read timeout=10)
ERROR 2025-01-28 15:25:30,677 email_llama3 Translation API error: HTTPSConnectionPool(host='dhruva-api.bhashini.gov.in', port=443): Read timed out. (read timeout=10)
ERROR 2025-01-28 15:25:34,497 email_llama3 Translation API error: HTTPSConnectionPool(host='dhruva-api.bhashini.gov.in', port=443): Read timed out. (read timeout=10)
ERROR 2025-01-28 15:25:49,391 email_llama3 Translation API error: HTTPSConnectionPool(host='dhruva-api.bhashini.gov.in', port=443): Read timed out. (read timeout=10)
ERROR 2025-01-28 15:25:59,178 email_llama3 Translation API error: HTTPSConnectionPool(host='dhruva-api.bhashini.gov.in', port=443): Read timed out. (read timeout=10)
ERROR 2025-01-28 15:26:03,550 email_llama3 Translation API error: HTTPSConnectionPool(host='dhruva-api.bhashini.gov.in', port=443): Read timed out. (read timeout=10)
ERROR 2025-01-28 15:26:13,898 email_llama3 Translation API error: HTTPSConnectionPool(host='dhruva-api.bhashini.gov.in', port=443): Read timed out. (read timeout=10)
ERROR 2025-01-28 15:26:14,806 email_llama3 Translation API error: HTTPSConnectionPool(host='dhruva-api.bhashini.gov.in', port=443): Read timed out. (read timeout=10)
ERROR 2025-01-28 15:26:26,291 email_llama3 Translation API error: HTTPSConnectionPool(host='dhruva-api.bhashini.gov.in', port=443): Read timed out. (read timeout=10)
ERROR 2025-01-28 15:26:39,917 email_llama3 Translation API error: HTTPSConnectionPool(host='dhruva-api.bhashini.gov.in', port=443): Read timed out. (read timeout=10)
ERROR 2025-01-28 15:27:21,064 email_llama3 Translation API error: HTTPSConnectionPool(host='dhruva-api.bhashini.gov.in', port=443): Read timed out. (read timeout=10)
ERROR 2025-01-28 15:27:25,795 email_llama3 Translation API error: HTTPSConnectionPool(host='dhruva-api.bhashini.gov.in', port=443): Read timed out. (read timeout=10)
ERROR 2025-01-28 15:28:14,611 email_llama3 Translation API error: HTTPSConnectionPool(host='dhruva-api.bhashini.gov.in', port=443): Read timed out. (read timeout=10)
ERROR 2025-01-28 15:28:23,085 email_llama3 Translation API error: HTTPSConnectionPool(host='dhruva-api.bhashini.gov.in', port=443): Read timed out. (read timeout=10)
ERROR 2025-01-28 15:28:33,508 email_llama3 Translation API error: HTTPSConnectionPool(host='dhruva-api.bhashini.gov.in', port=443): Read timed out. (read timeout=10)
ERROR 2025-01-28 15:28:58,658 email_llama3 Translation API error: HTTPSConnectionPool(host='dhruva-api.bhashini.gov.in', port=443): Read timed out. (read timeout=10)
ERROR 2025-01-28 15:29:07,489 email_llama3 Translation API error: HTTPSConnectionPool(host='dhruva-api.bhashini.gov.in', port=443): Read timed out. (read timeout=10)
ERROR 2025-01-28 15:29:46,925 email_llama3 Translation API error: HTTPSConnectionPool(host='dhruva-api.bhashini.gov.in', port=443): Read timed out. (read timeout=10)
ERROR 2025-01-28 15:29:59,913 email_llama3 Translation API error: HTTPSConnectionPool(host='dhruva-api.bhashini.gov.in', port=443): Read timed out. (read timeout=10)
ERROR 2025-01-28 15:30:26,691 email_llama3 Translation API error: HTTPSConnectionPool(host='dhruva-api.bhashini.gov.in', port=443): Read timed out. (read timeout=10)
ERROR 2025-01-28 15:30:42,279 email_llama3 Translation API error: HTTPSConnectionPool(host='dhruva-api.bhashini.gov.in', port=443): Read timed out. (read timeout=10)
ERROR 2025-01-28 15:30:55,200 email_llama3 Translation API error: HTTPSConnectionPool(host='dhruva-api.bhashini.gov.in', port=443): Read timed out. (read timeout=10)
ERROR 2025-01-28 15:31:10,226 email_llama3 Translation API error: HTTPSConnectionPool(host='dhruva-api.bhashini.gov.in', port=443): Read timed out. (read timeout=10)
ERROR 2025-01-28 15:31:25,116 email_llama3 Translation API error: HTTPSConnectionPool(host='dhruva-api.bhashini.gov.in', port=443): Read timed out. (read timeout=10)
ERROR 2025-01-28 15:31:30,666 email_llama3 Translation API error: HTTPSConnectionPool(host='dhruva-api.bhashini.gov.in', port=443): Read timed out. (read timeout=10)
ERROR 2025-01-28 15:31:41,541 email_llama3 Translation API error: HTTPSConnectionPool(host='dhruva-api.bhashini.gov.in', port=443): Read timed out. (read timeout=10)
ERROR 2025-01-28 15:31:56,270 email_llama3 Translation API error: HTTPSConnectionPool(host='dhruva-api.bhashini.gov.in', port=443): Read timed out. (read timeout=10)
ERROR 2025-01-28 15:32:25,435 email_llama3 Translation API error: HTTPSConnectionPool(host='dhruva-api.bhashini.gov.in', port=443): Read timed out. (read timeout=10)
ERROR 2025-01-28 15:32:25,683 email_llama3 Translation API error: HTTPSConnectionPool(host='dhruva-api.bhashini.gov.in', port=443): Read timed out. (read timeout=10)
ERROR 2025-01-28 15:32:41,051 email_llama3 Translation API error: HTTPSConnectionPool(host='dhruva-api.bhashini.gov.in', port=443): Read timed out. (read timeout=10)
ERROR 2025-01-28 15:32:52,743 email_llama3 Translation API error: HTTPSConnectionPool(host='dhruva-api.bhashini.gov.in', port=443): Read timed out. (read timeout=10)
ERROR 2025-01-28 15:33:11,423 email_llama3 Translation API error: HTTPSConnectionPool(host='dhruva-api.bhashini.gov.in', port=443): Read timed out. (read timeout=10)
ERROR 2025-01-28 15:33:49,148 email_llama3 Translation API error: HTTPSConnectionPool(host='dhruva-api.bhashini.gov.in', port=443): Read timed out. (read timeout=10)
ERROR 2025-01-28 15:33:59,244 email_llama3 Translation API error: HTTPSConnectionPool(host='dhruva-api.bhashini.gov.in', port=443): Read timed out. (read timeout=10)
ERROR 2025-01-28 15:34:19,004 email_llama3 Translation API error: HTTPSConnectionPool(host='dhruva-api.bhashini.gov.in', port=443): Read timed out. (read timeout=10)
ERROR 2025-01-28 15:34:30,254 email_llama3 Translation API error: HTTPSConnectionPool(host='dhruva-api.bhashini.gov.in', port=443): Read timed out. (read timeout=10)
ERROR 2025-01-28 15:35:00,428 email_llama3 Translation API error: HTTPSConnectionPool(host='dhruva-api.bhashini.gov.in', port=443): Read timed out. (read timeout=10)
ERROR 2025-01-28 15:35:01,282 email_llama3 Translation API error: HTTPSConnectionPool(host='dhruva-api.bhashini.gov.in', port=443): Read timed out. (read timeout=10)
ERROR 2025-01-28 15:35:12,635 email_llama3 Translation API error: HTTPSConnectionPool(host='dhruva-api.bhashini.gov.in', port=443): Read timed out. (read timeout=10)
ERROR 2025-01-28 15:35:48,371 email_llama3 Translation API error: HTTPSConnectionPool(host='dhruva-api.bhashini.gov.in', port=443): Read timed out. (read timeout=10)
ERROR 2025-01-28 15:36:13,878 email_llama3 Translation API error: HTTPSConnectionPool(host='dhruva-api.bhashini.gov.in', port=443): Read timed out. (read timeout=10)
ERROR 2025-01-28 15:36:38,851 email_llama3 Translation API error: HTTPSConnectionPool(host='dhruva-api.bhashini.gov.in', port=443): Read timed out. (read timeout=10)
ERROR 2025-01-28 15:36:54,883 email_llama3 Translation API error: HTTPSConnectionPool(host='dhruva-api.bhashini.gov.in', port=443): Read timed out. (read timeout=10)
ERROR 2025-01-28 15:36:59,446 email_llama3 Translation API error: HTTPSConnectionPool(host='dhruva-api.bhashini.gov.in', port=443): Read timed out. (read timeout=10)
ERROR 2025-01-28 15:37:37,395 email_llama3 Translation API error: HTTPSConnectionPool(host='dhruva-api.bhashini.gov.in', port=443): Read timed out. (read timeout=10)
ERROR 2025-01-28 15:37:47,820 email_llama3 Translation API error: HTTPSConnectionPool(host='dhruva-api.bhashini.gov.in', port=443): Read timed out. (read timeout=10)
ERROR 2025-01-28 15:37:51,319 email_llama3 Translation API error: HTTPSConnectionPool(host='dhruva-api.bhashini.gov.in', port=443): Read timed out. (read timeout=10)
ERROR 2025-01-28 15:38:44,558 email_llama3 Translation API error: HTTPSConnectionPool(host='dhruva-api.bhashini.gov.in', port=443): Read timed out. (read timeout=10)
ERROR 2025-01-28 15:38:58,698 email_llama3 Translation API error: HTTPSConnectionPool(host='dhruva-api.bhashini.gov.in', port=443): Read timed out. (read timeout=10)
ERROR 2025-01-28 15:39:17,894 email_llama3 Translation API error: HTTPSConnectionPool(host='dhruva-api.bhashini.gov.in', port=443): Read timed out. (read timeout=10)
ERROR 2025-01-28 15:39:30,789 email_llama3 Translation API error: HTTPSConnectionPool(host='dhruva-api.bhashini.gov.in', port=443): Read timed out. (read timeout=10)
ERROR 2025-01-28 15:39:46,051 email_llama3 Translation API error: HTTPSConnectionPool(host='dhruva-api.bhashini.gov.in', port=443): Read timed out. (read timeout=10)
ERROR 2025-01-28 15:39:56,452 email_llama3 Translation API error: HTTPSConnectionPool(host='dhruva-api.bhashini.gov.in', port=443): Read timed out. (read timeout=10)
ERROR 2025-01-28 15:40:23,103 email_llama3 Translation API error: HTTPSConnectionPool(host='dhruva-api.bhashini.gov.in', port=443): Read timed out. (read timeout=10)
ERROR 2025-01-28 15:40:32,863 email_llama3 Translation API error: HTTPSConnectionPool(host='dhruva-api.bhashini.gov.in', port=443): Read timed out. (read timeout=10)
ERROR 2025-01-28 15:40:50,068 email_llama3 Translation API error: HTTPSConnectionPool(host='dhruva-api.bhashini.gov.in', port=443): Read timed out. (read timeout=10)
ERROR 2025-01-28 15:40:57,736 email_llama3 Translation API error: HTTPSConnectionPool(host='dhruva-api.bhashini.gov.in', port=443): Read timed out. (read timeout=10)
ERROR 2025-01-28 15:41:10,045 email_llama3 Translation API error: HTTPSConnectionPool(host='dhruva-api.bhashini.gov.in', port=443): Read timed out. (read timeout=10)
ERROR 2025-01-28 15:41:16,150 email_llama3 Translation API error: HTTPSConnectionPool(host='dhruva-api.bhashini.gov.in', port=443): Read timed out. (read timeout=10)
ERROR 2025-01-28 15:41:23,881 email_llama3 Translation API error: HTTPSConnectionPool(host='dhruva-api.bhashini.gov.in', port=443): Read timed out. (read timeout=10)
ERROR 2025-01-28 15:41:26,993 email_llama3 Translation API error: HTTPSConnectionPool(host='dhruva-api.bhashini.gov.in', port=443): Read timed out. (read timeout=10)
ERROR 2025-01-28 15:42:18,297 email_llama3 Translation API error: HTTPSConnectionPool(host='dhruva-api.bhashini.gov.in', port=443): Read timed out. (read timeout=10)
ERROR 2025-01-28 15:42:30,370 email_llama3 Translation API error: HTTPSConnectionPool(host='dhruva-api.bhashini.gov.in', port=443): Read timed out. (read timeout=10)
ERROR 2025-01-28 15:42:34,625 email_llama3 Translation API error: HTTPSConnectionPool(host='dhruva-api.bhashini.gov.in', port=443): Read timed out. (read timeout=10)
ERROR 2025-01-28 15:42:45,531 email_llama3 Translation API error: HTTPSConnectionPool(host='dhruva-api.bhashini.gov.in', port=443): Read timed out. (read timeout=10)
ERROR 2025-01-28 15:43:01,161 email_llama3 Translation API error: HTTPSConnectionPool(host='dhruva-api.bhashini.gov.in', port=443): Read timed out. (read timeout=10)
ERROR 2025-01-28 15:43:05,055 email_llama3 Translation API error: HTTPSConnectionPool(host='dhruva-api.bhashini.gov.in', port=443): Read timed out. (read timeout=10)
ERROR 2025-01-28 15:43:27,515 email_llama3 Translation API error: HTTPSConnectionPool(host='dhruva-api.bhashini.gov.in', port=443): Read timed out. (read timeout=10)
ERROR 2025-01-28 15:43:27,536 email_llama3 Translation API error: HTTPSConnectionPool(host='dhruva-api.bhashini.gov.in', port=443): Read timed out. (read timeout=10)
ERROR 2025-01-28 15:44:03,493 email_llama3 Translation API error: HTTPSConnectionPool(host='dhruva-api.bhashini.gov.in', port=443): Read timed out. (read timeout=10)
ERROR 2025-01-28 15:44:24,497 email_llama3 Translation API error: HTTPSConnectionPool(host='dhruva-api.bhashini.gov.in', port=443): Read timed out. (read timeout=10)
ERROR 2025-01-28 15:44:35,110 email_llama3 Translation API error: HTTPSConnectionPool(host='dhruva-api.bhashini.gov.in', port=443): Read timed out. (read timeout=10)
ERROR 2025-01-28 15:44:56,880 email_llama3 Translation API error: HTTPSConnectionPool(host='dhruva-api.bhashini.gov.in', port=443): Read timed out. (read timeout=10)
ERROR 2025-01-28 15:45:00,752 email_llama3 Translation API error: HTTPSConnectionPool(host='dhruva-api.bhashini.gov.in', port=443): Read timed out. (read timeout=10)
ERROR 2025-01-28 15:45:48,326 email_llama3 Translation API error: HTTPSConnectionPool(host='dhruva-api.bhashini.gov.in', port=443): Read timed out. (read timeout=10)
ERROR 2025-01-28 15:46:07,528 email_llama3 Translation API error: HTTPSConnectionPool(host='dhruva-api.bhashini.gov.in', port=443): Read timed out. (read timeout=10)
ERROR 2025-01-28 15:46:53,792 email_llama3 Translation API error: HTTPSConnectionPool(host='dhruva-api.bhashini.gov.in', port=443): Read timed out. (read timeout=10)
ERROR 2025-01-28 15:47:16,022 email_llama3 Translation API error: HTTPSConnectionPool(host='dhruva-api.bhashini.gov.in', port=443): Read timed out. (read timeout=10)
ERROR 2025-01-28 15:47:29,940 log Internal Server Error: /translate_content_formatted/
ERROR 2025-01-28 18:06:11,659 email_llama3 Translation API error: HTTPSConnectionPool(host='dhruva-api.bhashini.gov.in', port=443): Read timed out. (read timeout=10)
ERROR 2025-01-28 18:06:27,962 email_llama3 Translation API error: HTTPSConnectionPool(host='dhruva-api.bhashini.gov.in', port=443): Read timed out. (read timeout=10)
ERROR 2025-01-28 18:07:16,071 email_llama3 Translation API error: HTTPSConnectionPool(host='dhruva-api.bhashini.gov.in', port=443): Read timed out. (read timeout=10)
ERROR 2025-01-28 18:07:16,138 email_llama3 Translation API error: HTTPSConnectionPool(host='dhruva-api.bhashini.gov.in', port=443): Read timed out. (read timeout=10)
ERROR 2025-01-28 18:07:16,543 email_llama3 Translation API error: HTTPSConnectionPool(host='dhruva-api.bhashini.gov.in', port=443): Read timed out. (read timeout=10)
ERROR 2025-01-28 18:07:16,590 email_llama3 Translation API error: HTTPSConnectionPool(host='dhruva-api.bhashini.gov.in', port=443): Read timed out. (read timeout=10)
ERROR 2025-01-28 18:07:23,580 email_llama3 Translation API error: HTTPSConnectionPool(host='dhruva-api.bhashini.gov.in', port=443): Read timed out. (read timeout=10)
ERROR 2025-01-28 18:07:27,381 email_llama3 Translation API error: HTTPSConnectionPool(host='dhruva-api.bhashini.gov.in', port=443): Read timed out. (read timeout=10)
ERROR 2025-01-28 18:07:28,675 email_llama3 Translation API error: HTTPSConnectionPool(host='dhruva-api.bhashini.gov.in', port=443): Read timed out. (read timeout=10)
ERROR 2025-01-28 18:07:29,633 email_llama3 Translation API error: HTTPSConnectionPool(host='dhruva-api.bhashini.gov.in', port=443): Read timed out. (read timeout=10)
